

error at 2024-01-03 05:08:00
                        SequelizeDatabaseError: syntax error at or near "05"
                        ------------------------- 

error at 2024-01-05 02:42:36
    Error: Mail command failed: 452 4.3.1 Insufficient system storage
    ------------------------- 

error at 2024-01-05 02:57:04
    Error: Mail command failed: 452 4.3.1 Insufficient system storage
    ------------------------- 

error at 2024-01-05 03:09:26
    Error: Mail command failed: 452 4.3.1 Insufficient system storage
    ------------------------- 

error at 2024-01-05 03:31:55
    Error: Mail command failed: 452 4.3.1 Insufficient system storage
    ------------------------- 

error at 2024-01-15 11:37:00
    SequelizeDatabaseError: syntax error at or near "'72338212'"
    ------------------------- 

error at 2024-01-15 02:02:00
    Error: fromFormat requires an input string and a format
    ------------------------- 

error at 2024-01-19 11:58:49
    Error: fromFormat requires an input string and a format
    ------------------------- 

error at 2024-01-19 12:28:04
    Error: fromFormat requires an input string and a format
    ------------------------- 

error at 2024-01-19 02:00:11
    Error: fromFormat requires an input string and a format
    ------------------------- 

error at 2024-01-19 02:13:51
    Error: fromFormat requires an input string and a format
    ------------------------- 

error at 2024-01-19 02:43:27
    Error: fromFormat requires an input string and a format
    ------------------------- 

error at 2024-01-21 11:13:03
    Error: Mail command failed: 452 4.3.1 Insufficient system storage
    ------------------------- 

error at 2024-01-22 11:14:05
    Error: Invalid login: 535 5.7.8 Error: authentication failed: authentication failure
    ------------------------- 

